2023.06.09 22:14:05 INFO  Started: Metals version 0.11.12 in workspace 'C:\Users\donald\Desktop\loz' for client Visual Studio Code 1.79.0.
Jun 09, 2023 10:14:05 PM org.flywaydb.core.internal.license.VersionPrinter printVersionOnly
INFO: Flyway Community Edition 9.16.3 by Redgate
Jun 09, 2023 10:14:05 PM org.flywaydb.core.internal.license.VersionPrinter printVersion
INFO: See release notes here: https://rd.gt/416ObMi
Jun 09, 2023 10:14:05 PM org.flywaydb.core.internal.license.VersionPrinter printVersion
INFO: 
Jun 09, 2023 10:14:06 PM org.flywaydb.core.internal.database.base.BaseDatabaseType createDatabase
INFO: Database: jdbc:h2:file:C:\Users\donald\Desktop\loz\.metals\metals (H2 2.1)
Jun 09, 2023 10:14:06 PM org.flywaydb.core.internal.schemahistory.JdbcTableSchemaHistory allAppliedMigrations
INFO: Schema history table "PUBLIC"."flyway_schema_history" does not exist yet
Jun 09, 2023 10:14:06 PM org.flywaydb.core.internal.command.DbValidate validate
INFO: Successfully validated 4 migrations (execution time 00:00.016s)
Jun 09, 2023 10:14:06 PM org.flywaydb.core.internal.schemahistory.JdbcTableSchemaHistory create
INFO: Creating Schema History table "PUBLIC"."flyway_schema_history" ...
Jun 09, 2023 10:14:06 PM org.flywaydb.core.internal.command.DbMigrate migrateGroup
INFO: Current version of schema "PUBLIC": << Empty Schema >>
Jun 09, 2023 10:14:06 PM org.flywaydb.core.internal.command.DbMigrate doMigrateGroup
INFO: Migrating schema "PUBLIC" to version "1 - Create tables"
Jun 09, 2023 10:14:06 PM org.flywaydb.core.internal.command.DbMigrate doMigrateGroup
INFO: Migrating schema "PUBLIC" to version "2 - Server discovery"
Jun 09, 2023 10:14:06 PM org.flywaydb.core.internal.command.DbMigrate doMigrateGroup
INFO: Migrating schema "PUBLIC" to version "3 - Jar symbols"
Jun 09, 2023 10:14:06 PM org.flywaydb.core.internal.command.DbMigrate doMigrateGroup
INFO: Migrating schema "PUBLIC" to version "4 - Fingerprints"
Jun 09, 2023 10:14:06 PM org.flywaydb.core.internal.command.DbMigrate logSummary
INFO: Successfully applied 4 migrations to schema "PUBLIC", now at version v4 (execution time 00:00.053s)
2023.06.09 22:14:06 INFO  time: initialize in 0.6s
2023.06.09 22:14:07 WARN  Build server is not auto-connectable.
2023.06.09 22:14:07 WARN  no build tool detected in workspace 'C:\Users\donald\Desktop\loz'. The most common cause for this problem is that the editor was opened in the wrong working directory, for example if you use sbt then the workspace directory should contain build.sbt. 
2023.06.09 22:14:07 WARN  no build target for: C:\Users\donald\Desktop\loz\helloworld.scala
2023.06.09 22:14:07 WARN  no build target for: C:\Users\donald\Desktop\loz\helloworld.scala
Jun 09, 2023 10:14:08 PM org.eclipse.lsp4j.jsonrpc.RemoteEndpoint fallbackResponseError
SEVERE: Internal error: scala.meta.internal.metals.debug.BuildTargetNotFoundForPathException: No build target could be found for the path: C:\Users\donald\Desktop\loz\helloworld.scala
java.util.concurrent.CompletionException: scala.meta.internal.metals.debug.BuildTargetNotFoundForPathException: No build target could be found for the path: C:\Users\donald\Desktop\loz\helloworld.scala
	at java.base/java.util.concurrent.CompletableFuture.encodeThrowable(CompletableFuture.java:331)
	at java.base/java.util.concurrent.CompletableFuture.uniAcceptNow(CompletableFuture.java:743)
	at java.base/java.util.concurrent.CompletableFuture.uniAcceptStage(CompletableFuture.java:731)
	at java.base/java.util.concurrent.CompletableFuture.thenAcceptAsync(CompletableFuture.java:2112)
	at scala.concurrent.java8.FuturesConvertersImpl$CF.thenAccept(FutureConvertersImpl.scala:37)
	at org.eclipse.lsp4j.jsonrpc.RemoteEndpoint.handleRequest(RemoteEndpoint.java:279)
	at org.eclipse.lsp4j.jsonrpc.RemoteEndpoint.consume(RemoteEndpoint.java:190)
	at org.eclipse.lsp4j.jsonrpc.json.StreamMessageProducer.handleMessage(StreamMessageProducer.java:194)
	at org.eclipse.lsp4j.jsonrpc.json.StreamMessageProducer.listen(StreamMessageProducer.java:94)
	at org.eclipse.lsp4j.jsonrpc.json.ConcurrentMessageProcessor.run(ConcurrentMessageProcessor.java:113)
	at java.base/java.util.concurrent.Executors$RunnableAdapter.call(Executors.java:515)
	at java.base/java.util.concurrent.FutureTask.run(FutureTask.java:264)
	at java.base/java.util.concurrent.ThreadPoolExecutor.runWorker(ThreadPoolExecutor.java:1128)
	at java.base/java.util.concurrent.ThreadPoolExecutor$Worker.run(ThreadPoolExecutor.java:628)
	at java.base/java.lang.Thread.run(Thread.java:829)
Caused by: scala.meta.internal.metals.debug.BuildTargetNotFoundForPathException: No build target could be found for the path: C:\Users\donald\Desktop\loz\helloworld.scala
	at scala.meta.internal.metals.debug.DebugProvider.debugDiscovery(DebugProvider.scala:469)
	at scala.meta.internal.metals.MetalsLspService.executeCommand(MetalsLspService.scala:2031)
	at scala.meta.metals.lsp.DelegatingScalaService.executeCommand(DelegatingScalaService.scala:169)
	at java.base/jdk.internal.reflect.NativeMethodAccessorImpl.invoke0(Native Method)
	at java.base/jdk.internal.reflect.NativeMethodAccessorImpl.invoke(NativeMethodAccessorImpl.java:62)
	at java.base/jdk.internal.reflect.DelegatingMethodAccessorImpl.invoke(DelegatingMethodAccessorImpl.java:43)
	at java.base/java.lang.reflect.Method.invoke(Method.java:566)
	at org.eclipse.lsp4j.jsonrpc.services.GenericEndpoint.lambda$null$0(GenericEndpoint.java:65)
	at org.eclipse.lsp4j.jsonrpc.services.GenericEndpoint.request(GenericEndpoint.java:120)
	at org.eclipse.lsp4j.jsonrpc.RemoteEndpoint.handleRequest(RemoteEndpoint.java:261)
	... 9 more

2023.06.09 22:14:12 INFO  no build target found for C:\Users\donald\Desktop\loz\helloworld.scala. Using presentation compiler with project's scala-library version: 3.2.2
2023.06.09 22:14:14 INFO  time: code lens generation in 6.1s
2023.06.09 22:15:13 WARN  no build target for: C:\Users\donald\Desktop\loz\helloworld.scala
Jun 09, 2023 10:15:13 PM org.eclipse.lsp4j.jsonrpc.RemoteEndpoint fallbackResponseError
SEVERE: Internal error: scala.meta.internal.metals.debug.BuildTargetNotFoundForPathException: No build target could be found for the path: C:\Users\donald\Desktop\loz\helloworld.scala
java.util.concurrent.CompletionException: scala.meta.internal.metals.debug.BuildTargetNotFoundForPathException: No build target could be found for the path: C:\Users\donald\Desktop\loz\helloworld.scala
	at java.base/java.util.concurrent.CompletableFuture.encodeThrowable(CompletableFuture.java:331)
	at java.base/java.util.concurrent.CompletableFuture.uniAcceptNow(CompletableFuture.java:743)
	at java.base/java.util.concurrent.CompletableFuture.uniAcceptStage(CompletableFuture.java:731)
	at java.base/java.util.concurrent.CompletableFuture.thenAcceptAsync(CompletableFuture.java:2112)
	at scala.concurrent.java8.FuturesConvertersImpl$CF.thenAccept(FutureConvertersImpl.scala:37)
	at org.eclipse.lsp4j.jsonrpc.RemoteEndpoint.handleRequest(RemoteEndpoint.java:279)
	at org.eclipse.lsp4j.jsonrpc.RemoteEndpoint.consume(RemoteEndpoint.java:190)
	at org.eclipse.lsp4j.jsonrpc.json.StreamMessageProducer.handleMessage(StreamMessageProducer.java:194)
	at org.eclipse.lsp4j.jsonrpc.json.StreamMessageProducer.listen(StreamMessageProducer.java:94)
	at org.eclipse.lsp4j.jsonrpc.json.ConcurrentMessageProcessor.run(ConcurrentMessageProcessor.java:113)
	at java.base/java.util.concurrent.Executors$RunnableAdapter.call(Executors.java:515)
	at java.base/java.util.concurrent.FutureTask.run(FutureTask.java:264)
	at java.base/java.util.concurrent.ThreadPoolExecutor.runWorker(ThreadPoolExecutor.java:1128)
	at java.base/java.util.concurrent.ThreadPoolExecutor$Worker.run(ThreadPoolExecutor.java:628)
	at java.base/java.lang.Thread.run(Thread.java:829)
Caused by: scala.meta.internal.metals.debug.BuildTargetNotFoundForPathException: No build target could be found for the path: C:\Users\donald\Desktop\loz\helloworld.scala
	at scala.meta.internal.metals.debug.DebugProvider.debugDiscovery(DebugProvider.scala:469)
	at scala.meta.internal.metals.MetalsLspService.executeCommand(MetalsLspService.scala:2031)
	at scala.meta.metals.lsp.DelegatingScalaService.executeCommand(DelegatingScalaService.scala:169)
	at java.base/jdk.internal.reflect.NativeMethodAccessorImpl.invoke0(Native Method)
	at java.base/jdk.internal.reflect.NativeMethodAccessorImpl.invoke(NativeMethodAccessorImpl.java:62)
	at java.base/jdk.internal.reflect.DelegatingMethodAccessorImpl.invoke(DelegatingMethodAccessorImpl.java:43)
	at java.base/java.lang.reflect.Method.invoke(Method.java:566)
	at org.eclipse.lsp4j.jsonrpc.services.GenericEndpoint.lambda$null$0(GenericEndpoint.java:65)
	at org.eclipse.lsp4j.jsonrpc.services.GenericEndpoint.request(GenericEndpoint.java:120)
	at org.eclipse.lsp4j.jsonrpc.RemoteEndpoint.handleRequest(RemoteEndpoint.java:261)
	... 9 more

2023.06.09 22:16:09 WARN  no build target for: C:\Users\donald\Desktop\loz\helloworld.scala
Jun 09, 2023 10:16:09 PM org.eclipse.lsp4j.jsonrpc.RemoteEndpoint fallbackResponseError
SEVERE: Internal error: scala.meta.internal.metals.debug.BuildTargetNotFoundForPathException: No build target could be found for the path: C:\Users\donald\Desktop\loz\helloworld.scala
java.util.concurrent.CompletionException: scala.meta.internal.metals.debug.BuildTargetNotFoundForPathException: No build target could be found for the path: C:\Users\donald\Desktop\loz\helloworld.scala
	at java.base/java.util.concurrent.CompletableFuture.encodeThrowable(CompletableFuture.java:331)
	at java.base/java.util.concurrent.CompletableFuture.uniAcceptNow(CompletableFuture.java:743)
	at java.base/java.util.concurrent.CompletableFuture.uniAcceptStage(CompletableFuture.java:731)
	at java.base/java.util.concurrent.CompletableFuture.thenAcceptAsync(CompletableFuture.java:2112)
	at scala.concurrent.java8.FuturesConvertersImpl$CF.thenAccept(FutureConvertersImpl.scala:37)
	at org.eclipse.lsp4j.jsonrpc.RemoteEndpoint.handleRequest(RemoteEndpoint.java:279)
	at org.eclipse.lsp4j.jsonrpc.RemoteEndpoint.consume(RemoteEndpoint.java:190)
	at org.eclipse.lsp4j.jsonrpc.json.StreamMessageProducer.handleMessage(StreamMessageProducer.java:194)
	at org.eclipse.lsp4j.jsonrpc.json.StreamMessageProducer.listen(StreamMessageProducer.java:94)
	at org.eclipse.lsp4j.jsonrpc.json.ConcurrentMessageProcessor.run(ConcurrentMessageProcessor.java:113)
	at java.base/java.util.concurrent.Executors$RunnableAdapter.call(Executors.java:515)
	at java.base/java.util.concurrent.FutureTask.run(FutureTask.java:264)
	at java.base/java.util.concurrent.ThreadPoolExecutor.runWorker(ThreadPoolExecutor.java:1128)
	at java.base/java.util.concurrent.ThreadPoolExecutor$Worker.run(ThreadPoolExecutor.java:628)
	at java.base/java.lang.Thread.run(Thread.java:829)
Caused by: scala.meta.internal.metals.debug.BuildTargetNotFoundForPathException: No build target could be found for the path: C:\Users\donald\Desktop\loz\helloworld.scala
	at scala.meta.internal.metals.debug.DebugProvider.debugDiscovery(DebugProvider.scala:469)
	at scala.meta.internal.metals.MetalsLspService.executeCommand(MetalsLspService.scala:2031)
	at scala.meta.metals.lsp.DelegatingScalaService.executeCommand(DelegatingScalaService.scala:169)
	at java.base/jdk.internal.reflect.NativeMethodAccessorImpl.invoke0(Native Method)
	at java.base/jdk.internal.reflect.NativeMethodAccessorImpl.invoke(NativeMethodAccessorImpl.java:62)
	at java.base/jdk.internal.reflect.DelegatingMethodAccessorImpl.invoke(DelegatingMethodAccessorImpl.java:43)
	at java.base/java.lang.reflect.Method.invoke(Method.java:566)
	at org.eclipse.lsp4j.jsonrpc.services.GenericEndpoint.lambda$null$0(GenericEndpoint.java:65)
	at org.eclipse.lsp4j.jsonrpc.services.GenericEndpoint.request(GenericEndpoint.java:120)
	at org.eclipse.lsp4j.jsonrpc.RemoteEndpoint.handleRequest(RemoteEndpoint.java:261)
	... 9 more

2023.06.09 22:20:24 WARN  no build target for: C:\Users\donald\Desktop\loz\cwd.scala
2023.06.09 22:20:35 WARN  no build target for: C:\Users\donald\Desktop\loz\cwd.scala
2023.06.09 22:20:39 WARN  no build target for: C:\Users\donald\Desktop\loz\cwd.scala
2023.06.09 22:20:40 WARN  no build target for: C:\Users\donald\Desktop\loz\cwd.scala
2023.06.09 22:20:43 WARN  no build target for: C:\Users\donald\Desktop\loz\cwd.scala
2023.06.09 22:20:47 WARN  no build target for: C:\Users\donald\Desktop\loz\cwd.scala
2023.06.09 22:20:50 WARN  no build target for: C:\Users\donald\Desktop\loz\cwd.scala
2023.06.09 22:20:52 WARN  no build target for: C:\Users\donald\Desktop\loz\cwd.scala
Jun 09, 2023 10:21:06 PM org.eclipse.lsp4j.jsonrpc.RemoteEndpoint handleCancellation
WARNING: Unmatched cancel notification for request id 235
2023.06.09 22:21:08 WARN  no build target for: C:\Users\donald\Desktop\loz\cwd.scala
2023.06.09 22:21:10 WARN  no build target for: C:\Users\donald\Desktop\loz\cwd.scala
2023.06.09 22:21:11 WARN  no build target for: C:\Users\donald\Desktop\loz\cwd.scala
2023.06.09 22:21:16 WARN  no build target for: C:\Users\donald\Desktop\loz\cwd.scala
2023.06.09 22:21:17 WARN  no build target for: C:\Users\donald\Desktop\loz\cwd.scala
2023.06.09 22:21:19 WARN  no build target for: C:\Users\donald\Desktop\loz\cwd.scala
2023.06.09 22:21:21 WARN  no build target for: C:\Users\donald\Desktop\loz\cwd.scala
2023.06.09 22:21:22 WARN  no build target for: C:\Users\donald\Desktop\loz\cwd.scala
2023.06.09 22:21:25 WARN  no build target for: C:\Users\donald\Desktop\loz\cwd.scala
2023.06.09 22:21:29 WARN  no build target for: C:\Users\donald\Desktop\loz\cwd.scala
2023.06.09 22:21:32 WARN  no build target for: C:\Users\donald\Desktop\loz\cwd.scala
2023.06.09 22:21:35 WARN  no build target for: C:\Users\donald\Desktop\loz\cwd.scala
2023.06.09 22:21:37 WARN  no build target for: C:\Users\donald\Desktop\loz\cwd.scala
2023.06.09 22:21:53 WARN  no build target for: C:\Users\donald\Desktop\loz\cwd.scala
2023.06.09 22:21:59 WARN  no build target for: C:\Users\donald\Desktop\loz\cwd.scala
2023.06.09 22:22:02 WARN  no build target for: C:\Users\donald\Desktop\loz\cwd.scala
2023.06.09 22:22:08 WARN  no build target for: C:\Users\donald\Desktop\loz\cwd.scala
2023.06.09 22:22:11 WARN  no build target for: C:\Users\donald\Desktop\loz\cwd.scala
2023.06.09 22:22:13 WARN  no build target for: C:\Users\donald\Desktop\loz\cwd.scala
2023.06.09 22:22:15 WARN  no build target for: C:\Users\donald\Desktop\loz\cwd.scala
2023.06.09 22:22:16 WARN  no build target for: C:\Users\donald\Desktop\loz\cwd.scala
2023.06.09 22:22:18 WARN  no build target for: C:\Users\donald\Desktop\loz\cwd.scala
2023.06.09 22:22:20 WARN  no build target for: C:\Users\donald\Desktop\loz\cwd.scala
2023.06.09 22:22:21 WARN  no build target for: C:\Users\donald\Desktop\loz\cwd.scala
Jun 09, 2023 10:23:15 PM org.eclipse.lsp4j.jsonrpc.RemoteEndpoint handleCancellation
WARNING: Unmatched cancel notification for request id 584
2023.06.09 22:23:16 WARN  no build target for: C:\Users\donald\Desktop\loz\cwd.scala
2023.06.09 22:23:18 WARN  no build target for: C:\Users\donald\Desktop\loz\cwd.scala
2023.06.09 22:23:20 WARN  no build target for: C:\Users\donald\Desktop\loz\cwd.scala
2023.06.09 22:23:23 WARN  no build target for: C:\Users\donald\Desktop\loz\cwd.scala
2023.06.09 22:23:24 WARN  no build target for: C:\Users\donald\Desktop\loz\cwd.scala
2023.06.09 22:23:25 WARN  no build target for: C:\Users\donald\Desktop\loz\cwd.scala
2023.06.09 22:23:27 WARN  no build target for: C:\Users\donald\Desktop\loz\cwd.scala
Jun 09, 2023 10:23:29 PM org.eclipse.lsp4j.jsonrpc.RemoteEndpoint handleCancellation
WARNING: Unmatched cancel notification for request id 674
2023.06.09 22:23:32 WARN  no build target for: C:\Users\donald\Desktop\loz\cwd.scala
2023.06.09 22:23:36 WARN  no build target for: C:\Users\donald\Desktop\loz\cwd.scala
2023.06.09 22:23:37 WARN  no build target for: C:\Users\donald\Desktop\loz\cwd.scala
2023.06.09 22:23:40 WARN  no build target for: C:\Users\donald\Desktop\loz\cwd.scala
2023.06.09 22:23:55 WARN  no build target for: C:\Users\donald\Desktop\loz\cwd.scala
2023.06.09 22:23:57 WARN  no build target for: C:\Users\donald\Desktop\loz\cwd.scala
2023.06.09 22:24:00 WARN  no build target for: C:\Users\donald\Desktop\loz\cwd.scala
2023.06.09 22:24:02 WARN  no build target for: C:\Users\donald\Desktop\loz\cwd.scala
2023.06.09 22:24:03 WARN  no build target for: C:\Users\donald\Desktop\loz\cwd.scala
2023.06.09 22:24:05 WARN  no build target for: C:\Users\donald\Desktop\loz\cwd.scala
2023.06.09 22:24:09 WARN  no build target for: C:\Users\donald\Desktop\loz\cwd.scala
2023.06.09 22:24:11 WARN  no build target for: C:\Users\donald\Desktop\loz\cwd.scala
2023.06.09 22:24:13 WARN  no build target for: C:\Users\donald\Desktop\loz\cwd.scala
2023.06.09 22:24:26 WARN  no build target for: C:\Users\donald\Desktop\loz\cwd.scala
2023.06.09 22:24:27 WARN  no build target for: C:\Users\donald\Desktop\loz\cwd.scala
2023.06.09 22:24:32 WARN  no build target for: C:\Users\donald\Desktop\loz\cwd.scala
2023.06.09 22:24:33 WARN  no build target for: C:\Users\donald\Desktop\loz\cwd.scala
2023.06.09 22:24:36 WARN  no build target for: C:\Users\donald\Desktop\loz\cwd.scala
2023.06.09 22:24:39 WARN  no build target for: C:\Users\donald\Desktop\loz\cwd.scala
2023.06.09 22:24:40 WARN  no build target for: C:\Users\donald\Desktop\loz\cwd.scala
2023.06.09 22:25:22 WARN  no build target for: C:\Users\donald\Desktop\loz\cwd.scala
2023.06.09 22:25:27 WARN  no build target for: C:\Users\donald\Desktop\loz\cwd.scala
2023.06.09 22:25:29 WARN  no build target for: C:\Users\donald\Desktop\loz\cwd.scala
2023.06.09 22:25:32 WARN  no build target for: C:\Users\donald\Desktop\loz\cwd.scala
2023.06.09 22:25:36 WARN  no build target for: C:\Users\donald\Desktop\loz\cwd.scala
2023.06.09 22:25:38 WARN  no build target for: C:\Users\donald\Desktop\loz\cwd.scala
2023.06.09 22:25:48 WARN  no build target for: C:\Users\donald\Desktop\loz\cwd.scala
2023.06.09 22:25:55 WARN  no build target for: C:\Users\donald\Desktop\loz\cwd.scala
2023.06.09 22:26:03 WARN  no build target for: C:\Users\donald\Desktop\loz\cwd.scala
2023.06.09 22:26:34 WARN  no build target for: C:\Users\donald\Desktop\loz\cwd.scala
2023.06.09 22:26:34 WARN  no build target for: C:\Users\donald\Desktop\loz\cwd.scala
2023.06.09 22:26:36 WARN  no build target for: C:\Users\donald\Desktop\loz\cwd.scala
Jun 09, 2023 10:26:36 PM org.eclipse.lsp4j.jsonrpc.RemoteEndpoint fallbackResponseError
SEVERE: Internal error: scala.meta.internal.metals.debug.BuildTargetNotFoundForPathException: No build target could be found for the path: C:\Users\donald\Desktop\loz\cwd.scala
java.util.concurrent.CompletionException: scala.meta.internal.metals.debug.BuildTargetNotFoundForPathException: No build target could be found for the path: C:\Users\donald\Desktop\loz\cwd.scala
	at java.base/java.util.concurrent.CompletableFuture.encodeThrowable(CompletableFuture.java:331)
	at java.base/java.util.concurrent.CompletableFuture.uniAcceptNow(CompletableFuture.java:743)
	at java.base/java.util.concurrent.CompletableFuture.uniAcceptStage(CompletableFuture.java:731)
	at java.base/java.util.concurrent.CompletableFuture.thenAcceptAsync(CompletableFuture.java:2112)
	at scala.concurrent.java8.FuturesConvertersImpl$CF.thenAccept(FutureConvertersImpl.scala:37)
	at org.eclipse.lsp4j.jsonrpc.RemoteEndpoint.handleRequest(RemoteEndpoint.java:279)
	at org.eclipse.lsp4j.jsonrpc.RemoteEndpoint.consume(RemoteEndpoint.java:190)
	at org.eclipse.lsp4j.jsonrpc.json.StreamMessageProducer.handleMessage(StreamMessageProducer.java:194)
	at org.eclipse.lsp4j.jsonrpc.json.StreamMessageProducer.listen(StreamMessageProducer.java:94)
	at org.eclipse.lsp4j.jsonrpc.json.ConcurrentMessageProcessor.run(ConcurrentMessageProcessor.java:113)
	at java.base/java.util.concurrent.Executors$RunnableAdapter.call(Executors.java:515)
	at java.base/java.util.concurrent.FutureTask.run(FutureTask.java:264)
	at java.base/java.util.concurrent.ThreadPoolExecutor.runWorker(ThreadPoolExecutor.java:1128)
	at java.base/java.util.concurrent.ThreadPoolExecutor$Worker.run(ThreadPoolExecutor.java:628)
	at java.base/java.lang.Thread.run(Thread.java:829)
Caused by: scala.meta.internal.metals.debug.BuildTargetNotFoundForPathException: No build target could be found for the path: C:\Users\donald\Desktop\loz\cwd.scala
	at scala.meta.internal.metals.debug.DebugProvider.debugDiscovery(DebugProvider.scala:469)
	at scala.meta.internal.metals.MetalsLspService.executeCommand(MetalsLspService.scala:2031)
	at scala.meta.metals.lsp.DelegatingScalaService.executeCommand(DelegatingScalaService.scala:169)
	at java.base/jdk.internal.reflect.NativeMethodAccessorImpl.invoke0(Native Method)
	at java.base/jdk.internal.reflect.NativeMethodAccessorImpl.invoke(NativeMethodAccessorImpl.java:62)
	at java.base/jdk.internal.reflect.DelegatingMethodAccessorImpl.invoke(DelegatingMethodAccessorImpl.java:43)
	at java.base/java.lang.reflect.Method.invoke(Method.java:566)
	at org.eclipse.lsp4j.jsonrpc.services.GenericEndpoint.lambda$null$0(GenericEndpoint.java:65)
	at org.eclipse.lsp4j.jsonrpc.services.GenericEndpoint.request(GenericEndpoint.java:120)
	at org.eclipse.lsp4j.jsonrpc.RemoteEndpoint.handleRequest(RemoteEndpoint.java:261)
	... 9 more

2023.06.09 22:26:51 WARN  no build target for: C:\Users\donald\Desktop\loz\cwd.scala
2023.06.09 22:26:52 WARN  no build target for: C:\Users\donald\Desktop\loz\cwd.scala
2023.06.09 22:26:59 WARN  no build target for: C:\Users\donald\Desktop\loz\cwd.scala
2023.06.09 22:27:01 WARN  no build target for: C:\Users\donald\Desktop\loz\cwd.scala
Jun 09, 2023 10:27:01 PM org.eclipse.lsp4j.jsonrpc.RemoteEndpoint fallbackResponseError
SEVERE: Internal error: scala.meta.internal.metals.debug.BuildTargetNotFoundForPathException: No build target could be found for the path: C:\Users\donald\Desktop\loz\cwd.scala
java.util.concurrent.CompletionException: scala.meta.internal.metals.debug.BuildTargetNotFoundForPathException: No build target could be found for the path: C:\Users\donald\Desktop\loz\cwd.scala
	at java.base/java.util.concurrent.CompletableFuture.encodeThrowable(CompletableFuture.java:331)
	at java.base/java.util.concurrent.CompletableFuture.uniAcceptNow(CompletableFuture.java:743)
	at java.base/java.util.concurrent.CompletableFuture.uniAcceptStage(CompletableFuture.java:731)
	at java.base/java.util.concurrent.CompletableFuture.thenAcceptAsync(CompletableFuture.java:2112)
	at scala.concurrent.java8.FuturesConvertersImpl$CF.thenAccept(FutureConvertersImpl.scala:37)
	at org.eclipse.lsp4j.jsonrpc.RemoteEndpoint.handleRequest(RemoteEndpoint.java:279)
	at org.eclipse.lsp4j.jsonrpc.RemoteEndpoint.consume(RemoteEndpoint.java:190)
	at org.eclipse.lsp4j.jsonrpc.json.StreamMessageProducer.handleMessage(StreamMessageProducer.java:194)
	at org.eclipse.lsp4j.jsonrpc.json.StreamMessageProducer.listen(StreamMessageProducer.java:94)
	at org.eclipse.lsp4j.jsonrpc.json.ConcurrentMessageProcessor.run(ConcurrentMessageProcessor.java:113)
	at java.base/java.util.concurrent.Executors$RunnableAdapter.call(Executors.java:515)
	at java.base/java.util.concurrent.FutureTask.run(FutureTask.java:264)
	at java.base/java.util.concurrent.ThreadPoolExecutor.runWorker(ThreadPoolExecutor.java:1128)
	at java.base/java.util.concurrent.ThreadPoolExecutor$Worker.run(ThreadPoolExecutor.java:628)
	at java.base/java.lang.Thread.run(Thread.java:829)
Caused by: scala.meta.internal.metals.debug.BuildTargetNotFoundForPathException: No build target could be found for the path: C:\Users\donald\Desktop\loz\cwd.scala
	at scala.meta.internal.metals.debug.DebugProvider.debugDiscovery(DebugProvider.scala:469)
	at scala.meta.internal.metals.MetalsLspService.executeCommand(MetalsLspService.scala:2031)
	at scala.meta.metals.lsp.DelegatingScalaService.executeCommand(DelegatingScalaService.scala:169)
	at java.base/jdk.internal.reflect.NativeMethodAccessorImpl.invoke0(Native Method)
	at java.base/jdk.internal.reflect.NativeMethodAccessorImpl.invoke(NativeMethodAccessorImpl.java:62)
	at java.base/jdk.internal.reflect.DelegatingMethodAccessorImpl.invoke(DelegatingMethodAccessorImpl.java:43)
	at java.base/java.lang.reflect.Method.invoke(Method.java:566)
	at org.eclipse.lsp4j.jsonrpc.services.GenericEndpoint.lambda$null$0(GenericEndpoint.java:65)
	at org.eclipse.lsp4j.jsonrpc.services.GenericEndpoint.request(GenericEndpoint.java:120)
	at org.eclipse.lsp4j.jsonrpc.RemoteEndpoint.handleRequest(RemoteEndpoint.java:261)
	... 9 more

2023.06.09 22:27:37 WARN  no build target for: C:\Users\donald\Desktop\loz\cwd.scala
2023.06.09 22:27:39 WARN  no build target for: C:\Users\donald\Desktop\loz\cwd.scala
2023.06.09 22:28:03 WARN  no build target for: C:\Users\donald\Desktop\loz\cwd.scala
2023.06.09 22:28:04 WARN  no build target for: C:\Users\donald\Desktop\loz\cwd.scala
2023.06.09 22:28:06 WARN  no build target for: C:\Users\donald\Desktop\loz\cwd.scala
2023.06.09 22:28:27 WARN  no build target for: C:\Users\donald\Desktop\loz\cwd.scala
2023.06.09 22:28:28 WARN  no build target for: C:\Users\donald\Desktop\loz\cwd.scala
2023.06.09 22:28:58 WARN  no build target for: C:\Users\donald\Desktop\loz\cwd.scala
2023.06.09 22:28:59 WARN  no build target for: C:\Users\donald\Desktop\loz\cwd.scala
2023.06.09 22:29:04 WARN  no build target for: C:\Users\donald\Desktop\loz\cwd.scala
2023.06.09 22:29:04 WARN  no build target for: C:\Users\donald\Desktop\loz\cwd.scala
2023.06.09 22:29:43 WARN  no build target for: C:\Users\donald\Desktop\loz\cwd.scala
2023.06.09 22:29:46 WARN  no build target for: C:\Users\donald\Desktop\loz\cwd.scala
2023.06.09 22:29:57 WARN  no build target for: C:\Users\donald\Desktop\loz\cwd.scala
Exception in thread "pool-3-thread-1" java.lang.InterruptedException
	at scala.meta.internal.metals.FutureCancelToken.checkCanceled(FutureCancelToken.scala:29)
	at scala.meta.internal.pc.CompilerAccess.onCompilerJobQueue$$anonfun$1(CompilerAccess.scala:195)
	at scala.meta.internal.pc.CompilerJobQueue$Job.run(CompilerJobQueue.scala:152)
	at java.base/java.util.concurrent.ThreadPoolExecutor.runWorker(ThreadPoolExecutor.java:1128)
	at java.base/java.util.concurrent.ThreadPoolExecutor$Worker.run(ThreadPoolExecutor.java:628)
	at java.base/java.lang.Thread.run(Thread.java:829)
2023.06.09 22:30:00 WARN  no build target for: C:\Users\donald\Desktop\loz\cwd.scala
2023.06.09 22:30:31 WARN  no build target for: C:\Users\donald\Desktop\loz\cwd.scala
2023.06.09 22:30:38 WARN  no build target for: C:\Users\donald\Desktop\loz\cwd.scala
2023.06.09 22:30:40 WARN  no build target for: C:\Users\donald\Desktop\loz\cwd.scala
Jun 09, 2023 10:30:40 PM org.eclipse.lsp4j.jsonrpc.RemoteEndpoint fallbackResponseError
SEVERE: Internal error: scala.meta.internal.metals.debug.BuildTargetNotFoundForPathException: No build target could be found for the path: C:\Users\donald\Desktop\loz\cwd.scala
java.util.concurrent.CompletionException: scala.meta.internal.metals.debug.BuildTargetNotFoundForPathException: No build target could be found for the path: C:\Users\donald\Desktop\loz\cwd.scala
	at java.base/java.util.concurrent.CompletableFuture.encodeThrowable(CompletableFuture.java:331)
	at java.base/java.util.concurrent.CompletableFuture.uniAcceptNow(CompletableFuture.java:743)
	at java.base/java.util.concurrent.CompletableFuture.uniAcceptStage(CompletableFuture.java:731)
	at java.base/java.util.concurrent.CompletableFuture.thenAcceptAsync(CompletableFuture.java:2112)
	at scala.concurrent.java8.FuturesConvertersImpl$CF.thenAccept(FutureConvertersImpl.scala:37)
	at org.eclipse.lsp4j.jsonrpc.RemoteEndpoint.handleRequest(RemoteEndpoint.java:279)
	at org.eclipse.lsp4j.jsonrpc.RemoteEndpoint.consume(RemoteEndpoint.java:190)
	at org.eclipse.lsp4j.jsonrpc.json.StreamMessageProducer.handleMessage(StreamMessageProducer.java:194)
	at org.eclipse.lsp4j.jsonrpc.json.StreamMessageProducer.listen(StreamMessageProducer.java:94)
	at org.eclipse.lsp4j.jsonrpc.json.ConcurrentMessageProcessor.run(ConcurrentMessageProcessor.java:113)
	at java.base/java.util.concurrent.Executors$RunnableAdapter.call(Executors.java:515)
	at java.base/java.util.concurrent.FutureTask.run(FutureTask.java:264)
	at java.base/java.util.concurrent.ThreadPoolExecutor.runWorker(ThreadPoolExecutor.java:1128)
	at java.base/java.util.concurrent.ThreadPoolExecutor$Worker.run(ThreadPoolExecutor.java:628)
	at java.base/java.lang.Thread.run(Thread.java:829)
Caused by: scala.meta.internal.metals.debug.BuildTargetNotFoundForPathException: No build target could be found for the path: C:\Users\donald\Desktop\loz\cwd.scala
	at scala.meta.internal.metals.debug.DebugProvider.debugDiscovery(DebugProvider.scala:469)
	at scala.meta.internal.metals.MetalsLspService.executeCommand(MetalsLspService.scala:2031)
	at scala.meta.metals.lsp.DelegatingScalaService.executeCommand(DelegatingScalaService.scala:169)
	at java.base/jdk.internal.reflect.NativeMethodAccessorImpl.invoke0(Native Method)
	at java.base/jdk.internal.reflect.NativeMethodAccessorImpl.invoke(NativeMethodAccessorImpl.java:62)
	at java.base/jdk.internal.reflect.DelegatingMethodAccessorImpl.invoke(DelegatingMethodAccessorImpl.java:43)
	at java.base/java.lang.reflect.Method.invoke(Method.java:566)
	at org.eclipse.lsp4j.jsonrpc.services.GenericEndpoint.lambda$null$0(GenericEndpoint.java:65)
	at org.eclipse.lsp4j.jsonrpc.services.GenericEndpoint.request(GenericEndpoint.java:120)
	at org.eclipse.lsp4j.jsonrpc.RemoteEndpoint.handleRequest(RemoteEndpoint.java:261)
	... 9 more

2023.06.09 22:30:42 WARN  no build target for: C:\Users\donald\Desktop\loz\cwd.scala
2023.06.09 22:30:54 WARN  no build target for: C:\Users\donald\Desktop\loz\cwd.scala
2023.06.09 22:30:56 WARN  no build target for: C:\Users\donald\Desktop\loz\cwd.scala
2023.06.09 22:31:12 WARN  no build target for: C:\Users\donald\Desktop\loz\cwd.scala
2023.06.09 22:31:14 WARN  no build target for: C:\Users\donald\Desktop\loz\cwd.scala
2023.06.09 22:32:35 WARN  no build target for: C:\Users\donald\Desktop\loz\cwd.scala
2023.06.09 22:32:38 WARN  no build target for: C:\Users\donald\Desktop\loz\cwd.scala
2023.06.09 22:33:50 WARN  no build target for: C:\Users\donald\Desktop\loz\cwd.scala
2023.06.09 22:33:55 WARN  no build target for: C:\Users\donald\Desktop\loz\cwd.scala
2023.06.09 22:34:12 WARN  no build target for: C:\Users\donald\Desktop\loz\cwd.scala
2023.06.09 22:34:52 WARN  no build target for: C:\Users\donald\Desktop\loz\cwd.scala
2023.06.09 22:34:53 WARN  no build target for: C:\Users\donald\Desktop\loz\cwd.scala
2023.06.09 22:34:54 WARN  no build target for: C:\Users\donald\Desktop\loz\cwd.scala
2023.06.09 22:52:39 INFO  Shutting down server
2023.06.09 22:52:39 INFO  shutting down Metals
2023.06.09 22:52:39 INFO  Exiting server
2023.06.09 22:52:55 INFO  Started: Metals version 0.11.12 in workspace 'C:\Users\donald\Desktop\loz' for client Visual Studio Code 1.79.0.
Jun 09, 2023 10:52:55 PM org.flywaydb.core.internal.license.VersionPrinter printVersionOnly
INFO: Flyway Community Edition 9.16.3 by Redgate
Jun 09, 2023 10:52:55 PM org.flywaydb.core.internal.license.VersionPrinter printVersion
INFO: See release notes here: https://rd.gt/416ObMi
Jun 09, 2023 10:52:55 PM org.flywaydb.core.internal.license.VersionPrinter printVersion
INFO: 
Jun 09, 2023 10:52:55 PM org.flywaydb.core.internal.database.base.BaseDatabaseType createDatabase
INFO: Database: jdbc:h2:file:C:\Users\donald\Desktop\loz\.metals\metals (H2 2.1)
Jun 09, 2023 10:52:55 PM org.flywaydb.core.internal.command.DbValidate validate
INFO: Successfully validated 4 migrations (execution time 00:00.021s)
Jun 09, 2023 10:52:55 PM org.flywaydb.core.internal.command.DbMigrate migrateGroup
INFO: Current version of schema "PUBLIC": 4
Jun 09, 2023 10:52:55 PM org.flywaydb.core.internal.command.DbMigrate logSummary
INFO: Schema "PUBLIC" is up to date. No migration necessary.
2023.06.09 22:52:55 INFO  time: initialize in 0.61s
2023.06.09 22:52:57 WARN  Build server is not auto-connectable.
2023.06.09 22:52:57 WARN  no build tool detected in workspace 'C:\Users\donald\Desktop\loz'. The most common cause for this problem is that the editor was opened in the wrong working directory, for example if you use sbt then the workspace directory should contain build.sbt. 
2023.06.09 22:52:57 WARN  no build target for: C:\Users\donald\Desktop\loz\cwd.scala
2023.06.09 22:53:00 INFO  no build target found for C:\Users\donald\Desktop\loz\cwd.scala. Using presentation compiler with project's scala-library version: 3.2.2
2023.06.09 22:53:03 INFO  time: code lens generation in 5.76s
2023.06.09 22:53:08 INFO  Shutting down server
2023.06.09 22:53:08 INFO  shutting down Metals
2023.06.09 22:53:08 INFO  Exiting server
2023.09.27 12:19:14 INFO  Started: Metals version 1.0.1 in folders 'C:\Users\donald\Desktop\python\pythonprojects_recent\loz' for client Visual Studio Code 1.82.1.
Sep 27, 2023 12:19:14 PM org.flywaydb.core.internal.license.VersionPrinter printVersionOnly
INFO: Flyway Community Edition 9.21.2 by Redgate
Sep 27, 2023 12:19:14 PM org.flywaydb.core.internal.license.VersionPrinter printVersion
INFO: See release notes here: https://rd.gt/416ObMi
Sep 27, 2023 12:19:14 PM org.flywaydb.core.internal.license.VersionPrinter printVersion
INFO: 
Sep 27, 2023 12:19:15 PM org.flywaydb.core.FlywayExecutor execute
INFO: Database: jdbc:h2:file:C:\Users\donald\Desktop\python\pythonprojects_recent\loz\.metals\metals (H2 2.1)
Sep 27, 2023 12:19:15 PM org.flywaydb.core.internal.command.DbValidate validate
INFO: Successfully validated 4 migrations (execution time 00:00.038s)
Sep 27, 2023 12:19:15 PM org.flywaydb.core.internal.command.DbMigrate migrateGroup
INFO: Current version of schema "PUBLIC": 4
Sep 27, 2023 12:19:15 PM org.flywaydb.core.internal.command.DbMigrate logSummary
INFO: Schema "PUBLIC" is up to date. No migration necessary.
2023.09.27 12:19:15 INFO  time: initialize in 1.01s
2023.09.27 12:19:18 WARN  Build server is not auto-connectable.
2023.09.27 12:19:18 WARN  no build tool detected in workspace 'C:\Users\donald\Desktop\python\pythonprojects_recent\loz'. The most common cause for this problem is that the editor was opened in the wrong working directory, for example if you use sbt then the workspace directory should contain build.sbt. 
Sep 27, 2023 12:19:53 PM org.eclipse.lsp4j.jsonrpc.services.GenericEndpoint notify
INFO: Unsupported notification method: $/setTrace
